This file contains any messages produced by compilers while
running configure, to aid debugging if configure makes a mistake.

It was created by maggot configure 0.0.2, which was
generated by GNU Autoconf 2.69.  Invocation command line was

  $ ./configure 

## --------- ##
## Platform. ##
## --------- ##

hostname = archgonza
uname -m = x86_64
uname -r = 3.9.2-1-ARCH
uname -s = Linux
uname -v = #1 SMP PREEMPT Sat May 11 20:31:08 CEST 2013

/usr/bin/uname -p = unknown
/bin/uname -X     = unknown

/bin/arch              = unknown
/usr/bin/arch -k       = unknown
/usr/convex/getsysinfo = unknown
/usr/bin/hostinfo      = unknown
/bin/machine           = unknown
/usr/bin/oslevel       = unknown
/bin/universe          = unknown

PATH: /usr/local/bin
PATH: /usr/bin
PATH: /bin
PATH: /usr/local/sbin
PATH: /usr/sbin
PATH: /sbin
PATH: /usr/bin/vendor_perl
PATH: /usr/bin/core_perl


## ----------- ##
## Core tests. ##
## ----------- ##

configure:2139: checking for gcc
configure:2155: found /usr/bin/gcc
configure:2166: result: gcc
configure:2395: checking for C compiler version
configure:2404: gcc --version >&5
gcc (GCC) 4.8.0 20130502 (prerelease)
Copyright (C) 2013 Free Software Foundation, Inc.
This is free software; see the source for copying conditions.  There is NO
warranty; not even for MERCHANTABILITY or FITNESS FOR A PARTICULAR PURPOSE.

configure:2415: $? = 0
configure:2404: gcc -v >&5
Using built-in specs.
COLLECT_GCC=gcc
COLLECT_LTO_WRAPPER=/usr/lib/gcc/x86_64-unknown-linux-gnu/4.8.0/lto-wrapper
Target: x86_64-unknown-linux-gnu
Configured with: /build/src/gcc-4.8-20130502/configure --prefix=/usr --libdir=/usr/lib --libexecdir=/usr/lib --mandir=/usr/share/man --infodir=/usr/share/info --with-bugurl=https://bugs.archlinux.org/ --enable-languages=c,c++,ada,fortran,go,lto,objc,obj-c++ --enable-shared --enable-threads=posix --with-system-zlib --enable-__cxa_atexit --disable-libunwind-exceptions --enable-clocale=gnu --disable-libstdcxx-pch --enable-gnu-unique-object --enable-linker-build-id --enable-cloog-backend=isl --disable-cloog-version-check --enable-lto --enable-gold --enable-ld=default --enable-plugin --with-plugin-ld=ld.gold --with-linker-hash-style=gnu --disable-install-libiberty --disable-multilib --disable-libssp --disable-werror --enable-checking=release
Thread model: posix
gcc version 4.8.0 20130502 (prerelease) (GCC) 
configure:2415: $? = 0
configure:2404: gcc -V >&5
gcc: error: unrecognized command line option '-V'
gcc: fatal error: no input files
compilation terminated.
configure:2415: $? = 1
configure:2404: gcc -qversion >&5
gcc: error: unrecognized command line option '-qversion'
gcc: fatal error: no input files
compilation terminated.
configure:2415: $? = 1
configure:2435: checking whether the C compiler works
configure:2457: gcc    conftest.c  >&5
configure:2461: $? = 0
configure:2509: result: yes
configure:2512: checking for C compiler default output file name
configure:2514: result: a.out
configure:2520: checking for suffix of executables
configure:2527: gcc -o conftest    conftest.c  >&5
configure:2531: $? = 0
configure:2553: result: 
configure:2575: checking whether we are cross compiling
configure:2583: gcc -o conftest    conftest.c  >&5
configure:2587: $? = 0
configure:2594: ./conftest
configure:2598: $? = 0
configure:2613: result: no
configure:2618: checking for suffix of object files
configure:2640: gcc -c   conftest.c >&5
configure:2644: $? = 0
configure:2665: result: o
configure:2669: checking whether we are using the GNU C compiler
configure:2688: gcc -c   conftest.c >&5
configure:2688: $? = 0
configure:2697: result: yes
configure:2706: checking whether gcc accepts -g
configure:2726: gcc -c -g  conftest.c >&5
configure:2726: $? = 0
configure:2767: result: yes
configure:2784: checking for gcc option to accept ISO C89
configure:2847: gcc  -c -g -O2  conftest.c >&5
configure:2847: $? = 0
configure:2860: result: none needed
configure:2890: checking how to run the C preprocessor
configure:2921: gcc -E  conftest.c
configure:2921: $? = 0
configure:2935: gcc -E  conftest.c
conftest.c:9:28: fatal error: ac_nonexistent.h: No such file or directory
 #include <ac_nonexistent.h>
                            ^
compilation terminated.
configure:2935: $? = 1
configure: failed program was:
| /* confdefs.h */
| #define PACKAGE_NAME "maggot"
| #define PACKAGE_TARNAME "maggot"
| #define PACKAGE_VERSION "0.0.2"
| #define PACKAGE_STRING "maggot 0.0.2"
| #define PACKAGE_BUGREPORT "comp.gonzalo@gmail.com"
| #define PACKAGE_URL ""
| /* end confdefs.h.  */
| #include <ac_nonexistent.h>
configure:2960: result: gcc -E
configure:2980: gcc -E  conftest.c
configure:2980: $? = 0
configure:2994: gcc -E  conftest.c
conftest.c:9:28: fatal error: ac_nonexistent.h: No such file or directory
 #include <ac_nonexistent.h>
                            ^
compilation terminated.
configure:2994: $? = 1
configure: failed program was:
| /* confdefs.h */
| #define PACKAGE_NAME "maggot"
| #define PACKAGE_TARNAME "maggot"
| #define PACKAGE_VERSION "0.0.2"
| #define PACKAGE_STRING "maggot 0.0.2"
| #define PACKAGE_BUGREPORT "comp.gonzalo@gmail.com"
| #define PACKAGE_URL ""
| /* end confdefs.h.  */
| #include <ac_nonexistent.h>
configure:3023: checking for grep that handles long lines and -e
configure:3081: result: /usr/bin/grep
configure:3086: checking for egrep
configure:3148: result: /usr/bin/grep -E
configure:3153: checking for ANSI C header files
configure:3173: gcc -c -g -O2  conftest.c >&5
configure:3173: $? = 0
configure:3246: gcc -o conftest -g -O2   conftest.c  >&5
configure:3246: $? = 0
configure:3246: ./conftest
configure:3246: $? = 0
configure:3257: result: yes
configure:3270: checking for sys/types.h
configure:3270: gcc -c -g -O2  conftest.c >&5
configure:3270: $? = 0
configure:3270: result: yes
configure:3270: checking for sys/stat.h
configure:3270: gcc -c -g -O2  conftest.c >&5
configure:3270: $? = 0
configure:3270: result: yes
configure:3270: checking for stdlib.h
configure:3270: gcc -c -g -O2  conftest.c >&5
configure:3270: $? = 0
configure:3270: result: yes
configure:3270: checking for string.h
configure:3270: gcc -c -g -O2  conftest.c >&5
configure:3270: $? = 0
configure:3270: result: yes
configure:3270: checking for memory.h
configure:3270: gcc -c -g -O2  conftest.c >&5
configure:3270: $? = 0
configure:3270: result: yes
configure:3270: checking for strings.h
configure:3270: gcc -c -g -O2  conftest.c >&5
configure:3270: $? = 0
configure:3270: result: yes
configure:3270: checking for inttypes.h
configure:3270: gcc -c -g -O2  conftest.c >&5
configure:3270: $? = 0
configure:3270: result: yes
configure:3270: checking for stdint.h
configure:3270: gcc -c -g -O2  conftest.c >&5
configure:3270: $? = 0
configure:3270: result: yes
configure:3270: checking for unistd.h
configure:3270: gcc -c -g -O2  conftest.c >&5
configure:3270: $? = 0
configure:3270: result: yes
configure:3285: checking fcntl.h usability
configure:3285: gcc -c -g -O2  conftest.c >&5
configure:3285: $? = 0
configure:3285: result: yes
configure:3285: checking fcntl.h presence
configure:3285: gcc -E  conftest.c
configure:3285: $? = 0
configure:3285: result: yes
configure:3285: checking for fcntl.h
configure:3285: result: yes
configure:3285: checking for stdlib.h
configure:3285: result: yes
configure:3285: checking for string.h
configure:3285: result: yes
configure:3285: checking termios.h usability
configure:3285: gcc -c -g -O2  conftest.c >&5
configure:3285: $? = 0
configure:3285: result: yes
configure:3285: checking termios.h presence
configure:3285: gcc -E  conftest.c
configure:3285: $? = 0
configure:3285: result: yes
configure:3285: checking for termios.h
configure:3285: result: yes
configure:3285: checking for unistd.h
configure:3285: result: yes
configure:3301: checking for sqrt
configure:3301: gcc -o conftest -g -O2   conftest.c  >&5
conftest.c:47:6: warning: conflicting types for built-in function 'sqrt' [enabled by default]
 char sqrt ();
      ^
/tmp/ccP6MKQw.o: In function `main':
/home/gonzalo/Documents/github/maggot/src/conftest.c:58: undefined reference to `sqrt'
collect2: error: ld returned 1 exit status
configure:3301: $? = 1
configure: failed program was:
| /* confdefs.h */
| #define PACKAGE_NAME "maggot"
| #define PACKAGE_TARNAME "maggot"
| #define PACKAGE_VERSION "0.0.2"
| #define PACKAGE_STRING "maggot 0.0.2"
| #define PACKAGE_BUGREPORT "comp.gonzalo@gmail.com"
| #define PACKAGE_URL ""
| #define STDC_HEADERS 1
| #define HAVE_SYS_TYPES_H 1
| #define HAVE_SYS_STAT_H 1
| #define HAVE_STDLIB_H 1
| #define HAVE_STRING_H 1
| #define HAVE_MEMORY_H 1
| #define HAVE_STRINGS_H 1
| #define HAVE_INTTYPES_H 1
| #define HAVE_STDINT_H 1
| #define HAVE_UNISTD_H 1
| #define HAVE_FCNTL_H 1
| #define HAVE_STDLIB_H 1
| #define HAVE_STRING_H 1
| #define HAVE_TERMIOS_H 1
| #define HAVE_UNISTD_H 1
| /* end confdefs.h.  */
| /* Define sqrt to an innocuous variant, in case <limits.h> declares sqrt.
|    For example, HP-UX 11i <limits.h> declares gettimeofday.  */
| #define sqrt innocuous_sqrt
| 
| /* System header to define __stub macros and hopefully few prototypes,
|     which can conflict with char sqrt (); below.
|     Prefer <limits.h> to <assert.h> if __STDC__ is defined, since
|     <limits.h> exists even on freestanding compilers.  */
| 
| #ifdef __STDC__
| # include <limits.h>
| #else
| # include <assert.h>
| #endif
| 
| #undef sqrt
| 
| /* Override any GCC internal prototype to avoid an error.
|    Use char because int might match the return type of a GCC
|    builtin and then its argument prototype would still apply.  */
| #ifdef __cplusplus
| extern "C"
| #endif
| char sqrt ();
| /* The GNU C library defines this for functions which it implements
|     to always fail with ENOSYS.  Some functions are actually named
|     something starting with __ and the normal name is an alias.  */
| #if defined __stub_sqrt || defined __stub___sqrt
| choke me
| #endif
| 
| int
| main ()
| {
| return sqrt ();
|   ;
|   return 0;
| }
configure:3301: result: no
configure:3425: creating ./config.status

## ---------------------- ##
## Running config.status. ##
## ---------------------- ##

This file was extended by maggot config.status 0.0.2, which was
generated by GNU Autoconf 2.69.  Invocation command line was

  CONFIG_FILES    = 
  CONFIG_HEADERS  = 
  CONFIG_LINKS    = 
  CONFIG_COMMANDS = 
  $ ./config.status 

on archgonza

config.status:665: error: cannot find input file: `config.h.in'

## ---------------- ##
## Cache variables. ##
## ---------------- ##

ac_cv_c_compiler_gnu=yes
ac_cv_env_CC_set=
ac_cv_env_CC_value=
ac_cv_env_CFLAGS_set=
ac_cv_env_CFLAGS_value=
ac_cv_env_CPPFLAGS_set=
ac_cv_env_CPPFLAGS_value=
ac_cv_env_CPP_set=
ac_cv_env_CPP_value=
ac_cv_env_LDFLAGS_set=
ac_cv_env_LDFLAGS_value=
ac_cv_env_LIBS_set=
ac_cv_env_LIBS_value=
ac_cv_env_build_alias_set=
ac_cv_env_build_alias_value=
ac_cv_env_host_alias_set=
ac_cv_env_host_alias_value=
ac_cv_env_target_alias_set=
ac_cv_env_target_alias_value=
ac_cv_func_sqrt=no
ac_cv_header_fcntl_h=yes
ac_cv_header_inttypes_h=yes
ac_cv_header_memory_h=yes
ac_cv_header_stdc=yes
ac_cv_header_stdint_h=yes
ac_cv_header_stdlib_h=yes
ac_cv_header_string_h=yes
ac_cv_header_strings_h=yes
ac_cv_header_sys_stat_h=yes
ac_cv_header_sys_types_h=yes
ac_cv_header_termios_h=yes
ac_cv_header_unistd_h=yes
ac_cv_objext=o
ac_cv_path_EGREP='/usr/bin/grep -E'
ac_cv_path_GREP=/usr/bin/grep
ac_cv_prog_CPP='gcc -E'
ac_cv_prog_ac_ct_CC=gcc
ac_cv_prog_cc_c89=
ac_cv_prog_cc_g=yes

## ----------------- ##
## Output variables. ##
## ----------------- ##

CC='gcc'
CFLAGS='-g -O2'
CPP='gcc -E'
CPPFLAGS=''
DEFS='-DHAVE_CONFIG_H'
ECHO_C=''
ECHO_N='-n'
ECHO_T=''
EGREP='/usr/bin/grep -E'
EXEEXT=''
GREP='/usr/bin/grep'
LDFLAGS=''
LIBOBJS=''
LIBS=''
LTLIBOBJS=''
OBJEXT='o'
PACKAGE_BUGREPORT='comp.gonzalo@gmail.com'
PACKAGE_NAME='maggot'
PACKAGE_STRING='maggot 0.0.2'
PACKAGE_TARNAME='maggot'
PACKAGE_URL=''
PACKAGE_VERSION='0.0.2'
PATH_SEPARATOR=':'
SHELL='/bin/sh'
ac_ct_CC='gcc'
bindir='${exec_prefix}/bin'
build_alias=''
datadir='${datarootdir}'
datarootdir='${prefix}/share'
docdir='${datarootdir}/doc/${PACKAGE_TARNAME}'
dvidir='${docdir}'
exec_prefix='${prefix}'
host_alias=''
htmldir='${docdir}'
includedir='${prefix}/include'
infodir='${datarootdir}/info'
libdir='${exec_prefix}/lib'
libexecdir='${exec_prefix}/libexec'
localedir='${datarootdir}/locale'
localstatedir='${prefix}/var'
mandir='${datarootdir}/man'
oldincludedir='/usr/include'
pdfdir='${docdir}'
prefix='/usr/local'
program_transform_name='s,x,x,'
psdir='${docdir}'
sbindir='${exec_prefix}/sbin'
sharedstatedir='${prefix}/com'
sysconfdir='${prefix}/etc'
target_alias=''

## ----------- ##
## confdefs.h. ##
## ----------- ##

/* confdefs.h */
#define PACKAGE_NAME "maggot"
#define PACKAGE_TARNAME "maggot"
#define PACKAGE_VERSION "0.0.2"
#define PACKAGE_STRING "maggot 0.0.2"
#define PACKAGE_BUGREPORT "comp.gonzalo@gmail.com"
#define PACKAGE_URL ""
#define STDC_HEADERS 1
#define HAVE_SYS_TYPES_H 1
#define HAVE_SYS_STAT_H 1
#define HAVE_STDLIB_H 1
#define HAVE_STRING_H 1
#define HAVE_MEMORY_H 1
#define HAVE_STRINGS_H 1
#define HAVE_INTTYPES_H 1
#define HAVE_STDINT_H 1
#define HAVE_UNISTD_H 1
#define HAVE_FCNTL_H 1
#define HAVE_STDLIB_H 1
#define HAVE_STRING_H 1
#define HAVE_TERMIOS_H 1
#define HAVE_UNISTD_H 1

configure: exit 1
